<?xml version="1.0" encoding="UTF-8"?>
<!-- Generated by org.testng.reporters.JUnitReportReporter -->
<testsuite hostname="Suren-PC" name="testcases.TC003_CreateLead" tests="2" failures="0" timestamp="6 Apr 2017 15:43:45 GMT" time="93.156" errors="0">
  <testcase name="login" time="47.717" classname="testcases.TC003_CreateLead"/>
  <testcase name="login" time="45.439" classname="testcases.TC003_CreateLead"/>
</testsuite> <!-- testcases.TC003_CreateLead -->
