<?xml version="1.0" encoding="UTF-8"?>
<!-- Generated by org.testng.reporters.JUnitReportReporter -->
<testsuite hostname="Suren-PC" name="testcases.TC002_LoginFailure" tests="4" failures="0" timestamp="8 Apr 2017 12:41:08 GMT" time="133.089" errors="0">
  <testcase name="login" time="14.693" classname="testcases.TC002_LoginFailure"/>
  <testcase name="login" time="16.428" classname="testcases.TC002_LoginFailure"/>
  <testcase name="login" time="52.545" classname="testcases.TC002_LoginFailure"/>
  <testcase name="login" time="49.423" classname="testcases.TC002_LoginFailure"/>
</testsuite> <!-- testcases.TC002_LoginFailure -->
