<?xml version="1.0" encoding="UTF-8"?>
<!-- Generated by org.testng.reporters.JUnitReportReporter -->
<testsuite hostname="Suren-PC" name="testcases.TC001_Login" tests="1" failures="0" timestamp="8 Apr 2017 12:41:08 GMT" time="98.551" errors="0">
  <testcase name="login" time="98.551" classname="testcases.TC001_Login"/>
</testsuite> <!-- testcases.TC001_Login -->
