<?xml version="1.0" encoding="UTF-8"?>
<!-- Generated by org.testng.reporters.JUnitReportReporter -->
<testsuite hostname="Suren-PC" name="testcases.TC005_MergeLead" tests="1" failures="0" timestamp="7 Apr 2017 12:15:37 GMT" time="50.484" errors="0">
  <testcase name="login" time="50.484" classname="testcases.TC005_MergeLead"/>
</testsuite> <!-- testcases.TC005_MergeLead -->
