<?xml version="1.0" encoding="UTF-8"?>
<!-- Generated by org.testng.reporters.JUnitReportReporter -->
<testsuite hostname="Suren-PC" name="testcases.TC007_DeleteLead" tests="1" failures="0" timestamp="8 Apr 2017 05:27:49 GMT" time="53.197" errors="0">
  <testcase name="login" time="53.197" classname="testcases.TC007_DeleteLead"/>
</testsuite> <!-- testcases.TC007_DeleteLead -->
