<?xml version="1.0" encoding="UTF-8"?>
<!-- Generated by org.testng.reporters.JUnitReportReporter -->
<testsuite hostname="Suren-PC" name="testcases.TC004_EditLead" tests="1" failures="0" timestamp="8 Apr 2017 03:52:01 GMT" time="82.431" errors="0">
  <testcase name="login" time="82.431" classname="testcases.TC004_EditLead"/>
</testsuite> <!-- testcases.TC004_EditLead -->
