<?xml version="1.0" encoding="UTF-8"?>
<!-- Generated by org.testng.reporters.JUnitReportReporter -->
<testsuite hostname="Suren-PC" name="testcases.TC006_DuplicateLead" tests="1" failures="0" timestamp="8 Apr 2017 04:02:52 GMT" time="57.184" errors="0">
  <testcase name="login" time="57.184" classname="testcases.TC006_DuplicateLead"/>
</testsuite> <!-- testcases.TC006_DuplicateLead -->
